Mar 05, 2013 6:53:18 PM log.AbstractLogger log
INFO: 
	Tue Mar 05 18:53:18 GMT 2013 - test connected.
Mar 05, 2013 6:53:20 PM log.AbstractLogger log
INFO: 
	Tue Mar 05 18:53:20 GMT 2013 - test sent SQL query SELECT name FROM Lecturers;.
Mar 05, 2013 6:54:09 PM log.AbstractLogger log
INFO: 
	Tue Mar 05 18:54:09 GMT 2013 - test sent SQL query SELECT * FROM Courses WHERE code = 'PH1101';.
Mar 05, 2013 6:54:09 PM log.AbstractLogger log
INFO: 
	Tue Mar 05 18:54:09 GMT 2013 - test sent SQL query INSERT INTO Courses VALUES ('PH1101', 'Frank West', 'Western Gateway Building G01', 1299, 'Test.', '2013-07-12', 6, 60, 7, '12:00', 0);.
Mar 06, 2013 10:04:37 AM log.AbstractLogger log
INFO: 
	Wed Mar 06 10:04:37 GMT 2013 - test connected.
Mar 06, 2013 10:04:39 AM log.AbstractLogger log
INFO: 
	Wed Mar 06 10:04:39 GMT 2013 - test sent SQL query SELECT name FROM Lecturers;.
Mar 06, 2013 10:04:53 AM log.AbstractLogger log
SEVERE: 
	Wed Mar 06 10:04:53 GMT 2013 - java.net.SocketException: Connection reset
Mar 06, 2013 10:07:41 AM log.AbstractLogger log
INFO: 
	Wed Mar 06 10:07:41 GMT 2013 - test connected.
Mar 06, 2013 10:07:42 AM log.AbstractLogger log
INFO: 
	Wed Mar 06 10:07:42 GMT 2013 - test sent SQL query SELECT name FROM Lecturers;.
Mar 06, 2013 10:08:06 AM log.AbstractLogger log
SEVERE: 
	Wed Mar 06 10:08:06 GMT 2013 - java.net.SocketException: Connection reset
Mar 06, 2013 10:09:12 AM log.AbstractLogger log
INFO: 
	Wed Mar 06 10:09:12 GMT 2013 - test connected.
Mar 06, 2013 10:09:15 AM log.AbstractLogger log
INFO: 
	Wed Mar 06 10:09:15 GMT 2013 - test sent SQL query SELECT name FROM Lecturers;.
Mar 06, 2013 10:09:33 AM log.AbstractLogger log
SEVERE: 
	Wed Mar 06 10:09:33 GMT 2013 - java.net.SocketException: Connection reset
Mar 06, 2013 10:16:28 AM log.AbstractLogger log
INFO: 
	Wed Mar 06 10:16:28 GMT 2013 - test connected.
Mar 06, 2013 10:16:32 AM log.AbstractLogger log
INFO: 
	Wed Mar 06 10:16:32 GMT 2013 - test sent SQL query SELECT name FROM Lecturers;.
Mar 06, 2013 10:17:05 AM log.AbstractLogger log
SEVERE: 
	Wed Mar 06 10:17:05 GMT 2013 - java.net.SocketException: Connection reset
Mar 06, 2013 10:19:39 AM log.AbstractLogger log
INFO: 
	Wed Mar 06 10:19:39 GMT 2013 - test connected.
Mar 06, 2013 10:19:43 AM log.AbstractLogger log
INFO: 
	Wed Mar 06 10:19:43 GMT 2013 - test sent SQL query SELECT name FROM Lecturers;.
Mar 06, 2013 10:19:59 AM log.AbstractLogger log
SEVERE: 
	Wed Mar 06 10:19:59 GMT 2013 - java.net.SocketException: Connection reset
Mar 06, 2013 10:21:45 AM log.AbstractLogger log
INFO: 
	Wed Mar 06 10:21:45 GMT 2013 - test connected.
Mar 06, 2013 10:21:47 AM log.AbstractLogger log
INFO: 
	Wed Mar 06 10:21:47 GMT 2013 - test sent SQL query SELECT name FROM Lecturers;.
Mar 06, 2013 10:22:02 AM log.AbstractLogger log
SEVERE: 
	Wed Mar 06 10:22:02 GMT 2013 - java.net.SocketException: Connection reset
Mar 06, 2013 10:22:14 AM log.AbstractLogger log
INFO: 
	Wed Mar 06 10:22:14 GMT 2013 - test connected.
Mar 06, 2013 10:22:22 AM log.AbstractLogger log
INFO: 
	Wed Mar 06 10:22:22 GMT 2013 - test sent SQL query SELECT name FROM Lecturers;.
Mar 06, 2013 10:22:40 AM log.AbstractLogger log
SEVERE: 
	Wed Mar 06 10:22:40 GMT 2013 - java.net.SocketException: Connection reset
Mar 06, 2013 10:24:36 AM log.AbstractLogger log
INFO: 
	Wed Mar 06 10:24:36 GMT 2013 - test connected.
Mar 06, 2013 10:24:38 AM log.AbstractLogger log
INFO: 
	Wed Mar 06 10:24:38 GMT 2013 - test sent SQL query SELECT name FROM Lecturers;.
Mar 06, 2013 10:25:08 AM log.AbstractLogger log
SEVERE: 
	Wed Mar 06 10:25:08 GMT 2013 - java.net.SocketException: Connection reset
Mar 06, 2013 10:26:16 AM log.AbstractLogger log
INFO: 
	Wed Mar 06 10:26:16 GMT 2013 - test connected.
Mar 06, 2013 10:26:18 AM log.AbstractLogger log
INFO: 
	Wed Mar 06 10:26:18 GMT 2013 - test sent SQL query SELECT name FROM Lecturers;.
Mar 06, 2013 10:26:40 AM log.AbstractLogger log
SEVERE: 
	Wed Mar 06 10:26:40 GMT 2013 - java.net.SocketException: Connection reset
Mar 06, 2013 10:40:54 AM log.AbstractLogger log
INFO: 
	Wed Mar 06 10:40:54 GMT 2013 - test connected.
Mar 06, 2013 10:40:56 AM log.AbstractLogger log
INFO: 
	Wed Mar 06 10:40:56 GMT 2013 - test sent SQL query SELECT name FROM Lecturers;.
Mar 06, 2013 10:41:15 AM log.AbstractLogger log
SEVERE: 
	Wed Mar 06 10:41:15 GMT 2013 - java.net.SocketException: Connection reset
Mar 06, 2013 10:42:14 AM log.AbstractLogger log
INFO: 
	Wed Mar 06 10:42:14 GMT 2013 - test connected.
Mar 06, 2013 10:42:16 AM log.AbstractLogger log
INFO: 
	Wed Mar 06 10:42:16 GMT 2013 - test sent SQL query SELECT name FROM Lecturers;.
Mar 06, 2013 10:43:30 AM log.AbstractLogger log
SEVERE: 
	Wed Mar 06 10:43:30 GMT 2013 - java.net.SocketException: Connection reset
Mar 06, 2013 10:47:20 AM log.AbstractLogger log
INFO: 
	Wed Mar 06 10:47:20 GMT 2013 - test connected.
Mar 06, 2013 10:47:23 AM log.AbstractLogger log
INFO: 
	Wed Mar 06 10:47:23 GMT 2013 - test sent SQL query SELECT name FROM Lecturers;.
Mar 06, 2013 11:08:50 AM log.AbstractLogger log
INFO: 
	Wed Mar 06 11:08:50 GMT 2013 - test connected.
Mar 06, 2013 11:08:52 AM log.AbstractLogger log
INFO: 
	Wed Mar 06 11:08:52 GMT 2013 - test sent SQL query SELECT name FROM Lecturers;.
Mar 06, 2013 11:09:01 AM log.AbstractLogger log
SEVERE: 
	Wed Mar 06 11:09:01 GMT 2013 - java.net.SocketException: Connection reset
Mar 06, 2013 11:10:09 AM log.AbstractLogger log
INFO: 
	Wed Mar 06 11:10:09 GMT 2013 - test connected.
Mar 06, 2013 11:10:11 AM log.AbstractLogger log
INFO: 
	Wed Mar 06 11:10:11 GMT 2013 - test sent SQL query SELECT name FROM Lecturers;.
Mar 06, 2013 11:11:16 AM log.AbstractLogger log
SEVERE: 
	Wed Mar 06 11:11:16 GMT 2013 - java.net.SocketException: Connection reset
Mar 06, 2013 11:12:25 AM log.AbstractLogger log
INFO: 
	Wed Mar 06 11:12:25 GMT 2013 - test connected.
Mar 06, 2013 11:12:27 AM log.AbstractLogger log
INFO: 
	Wed Mar 06 11:12:27 GMT 2013 - test sent SQL query SELECT name FROM Lecturers;.
Mar 06, 2013 11:29:07 AM log.AbstractLogger log
INFO: 
	Wed Mar 06 11:29:07 GMT 2013 - test connected.
Mar 06, 2013 11:31:25 AM log.AbstractLogger log
INFO: 
	Wed Mar 06 11:31:25 GMT 2013 - test sent SQL query SELECT * FROM Lecturers WHERE name = 'David Dimbleby';.
Mar 06, 2013 11:31:25 AM log.AbstractLogger log
SEVERE: 
	Wed Mar 06 11:31:25 GMT 2013 - com.mysql.jdbc.exceptions.jdbc4.MySQLSyntaxErrorException: INSERT command denied to user 'backend'@'localhost' for table 'lecturers' Query [INSERT INTO Lecturers VALUES ('David Dimbleby', 'A professor of mathematics for 5 years at <link to=http://pondunuversity.com text=Pond University />.

<image link=http://localhost/images/ddimbleby.png height=480 width=640 />');] has failed.
Mar 06, 2013 11:31:25 AM log.AbstractLogger log
INFO: 
	Wed Mar 06 11:31:25 GMT 2013 - test sent SQL query INSERT INTO Lecturers VALUES ('David Dimbleby', 'A professor of mathematics for 5 years at <link to=http://pondunuversity.com text=Pond University />.

<image link=http://localhost/images/ddimbleby.png height=480 width=640 />');.
Mar 06, 2013 11:36:55 AM log.AbstractLogger log
INFO: 
	Wed Mar 06 11:36:55 GMT 2013 - test sent SQL query SELECT * FROM Lecturers WHERE name = 'David Dimbleby';.
Mar 06, 2013 11:36:55 AM log.AbstractLogger log
INFO: 
	Wed Mar 06 11:36:55 GMT 2013 - test sent SQL query INSERT INTO Lecturers VALUES ('David Dimbleby', 'A professor of mathematics for 5 years at <link to=http://pondunuversity.com text=Pond University />.

<image link=http://localhost/images/ddimbleby.png height=480 width=640 />');.
Mar 06, 2013 12:02:40 PM log.AbstractLogger log
INFO: 
	Wed Mar 06 12:02:40 GMT 2013 - test connected.
Mar 06, 2013 12:02:43 PM log.AbstractLogger log
INFO: 
	Wed Mar 06 12:02:43 GMT 2013 - test sent SQL query SELECT * FROM Courses;.
Mar 06, 2013 12:03:08 PM log.AbstractLogger log
SEVERE: 
	Wed Mar 06 12:03:08 GMT 2013 - java.net.SocketException: Connection reset
Mar 06, 2013 12:07:34 PM log.AbstractLogger log
INFO: 
	Wed Mar 06 12:07:34 GMT 2013 - test connected.
Mar 06, 2013 12:07:38 PM log.AbstractLogger log
INFO: 
	Wed Mar 06 12:07:38 GMT 2013 - test sent SQL query SELECT * FROM Courses;.
Mar 06, 2013 12:07:48 PM log.AbstractLogger log
INFO: 
	Wed Mar 06 12:07:48 GMT 2013 - test sent SQL query SELECT * FROM Lecturers;.
Mar 06, 2013 12:08:26 PM log.AbstractLogger log
SEVERE: 
	Wed Mar 06 12:08:26 GMT 2013 - java.net.SocketException: Connection reset
Mar 06, 2013 12:08:37 PM log.AbstractLogger log
INFO: 
	Wed Mar 06 12:08:37 GMT 2013 - test connected.
Mar 06, 2013 12:08:42 PM log.AbstractLogger log
INFO: 
	Wed Mar 06 12:08:42 GMT 2013 - test sent SQL query SELECT * FROM Courses;.
Mar 06, 2013 12:09:40 PM log.AbstractLogger log
SEVERE: 
	Wed Mar 06 12:09:40 GMT 2013 - java.net.SocketException: Connection reset
Mar 06, 2013 12:09:51 PM log.AbstractLogger log
INFO: 
	Wed Mar 06 12:09:51 GMT 2013 - test connected.
Mar 06, 2013 12:09:53 PM log.AbstractLogger log
INFO: 
	Wed Mar 06 12:09:53 GMT 2013 - test sent SQL query SELECT * FROM Courses;.
Mar 06, 2013 12:09:56 PM log.AbstractLogger log
INFO: 
	Wed Mar 06 12:09:56 GMT 2013 - test sent SQL query SELECT * FROM Lecturers;.
Mar 06, 2013 12:10:09 PM log.AbstractLogger log
SEVERE: 
	Wed Mar 06 12:10:09 GMT 2013 - java.net.SocketException: Connection reset
Mar 06, 2013 12:11:31 PM log.AbstractLogger log
INFO: 
	Wed Mar 06 12:11:31 GMT 2013 - test connected.
Mar 06, 2013 12:11:33 PM log.AbstractLogger log
INFO: 
	Wed Mar 06 12:11:33 GMT 2013 - test sent SQL query SELECT * FROM Courses;.
Mar 06, 2013 12:11:54 PM log.AbstractLogger log
INFO: 
	Wed Mar 06 12:11:54 GMT 2013 - test sent SQL query SELECT * FROM Lecturers;.
Mar 06, 2013 2:35:34 PM log.AbstractLogger log
INFO: 
	Wed Mar 06 14:35:34 GMT 2013 - test connected.
Mar 06, 2013 2:35:36 PM log.AbstractLogger log
INFO: 
	Wed Mar 06 14:35:36 GMT 2013 - test sent SQL query SELECT * FROM Lecturers;.
Mar 06, 2013 2:35:46 PM log.AbstractLogger log
INFO: 
	Wed Mar 06 14:35:46 GMT 2013 - test sent SQL query SELECT * FROM Users;.
Mar 06, 2013 2:35:54 PM log.AbstractLogger log
INFO: 
	Wed Mar 06 14:35:54 GMT 2013 - test sent SQL query SELECT * FROM Courses;.
Mar 06, 2013 2:35:56 PM log.AbstractLogger log
INFO: 
	Wed Mar 06 14:35:56 GMT 2013 - test sent SQL query SELECT * FROM Registrations WHERE daysRemaining > 0;.
Mar 06, 2013 2:35:57 PM log.AbstractLogger log
SEVERE: 
	Wed Mar 06 14:35:57 GMT 2013 - java.net.SocketException: Connection reset
Mar 06, 2013 2:37:35 PM log.AbstractLogger log
INFO: 
	Wed Mar 06 14:37:35 GMT 2013 - test connected.
Mar 06, 2013 2:37:37 PM log.AbstractLogger log
INFO: 
	Wed Mar 06 14:37:37 GMT 2013 - test sent SQL query SELECT * FROM Users;.
Mar 06, 2013 2:37:39 PM log.AbstractLogger log
INFO: 
	Wed Mar 06 14:37:39 GMT 2013 - test sent SQL query SELECT * FROM Courses;.
Mar 06, 2013 2:37:41 PM log.AbstractLogger log
INFO: 
	Wed Mar 06 14:37:41 GMT 2013 - test sent SQL query SELECT * FROM Lecturers;.
Mar 06, 2013 2:37:42 PM log.AbstractLogger log
INFO: 
	Wed Mar 06 14:37:42 GMT 2013 - test sent SQL query SELECT * FROM Registrations WHERE daysRemaining > 0;.
Mar 06, 2013 2:38:26 PM log.AbstractLogger log
SEVERE: 
	Wed Mar 06 14:38:26 GMT 2013 - java.net.SocketException: Connection reset
Mar 06, 2013 2:38:41 PM log.AbstractLogger log
INFO: 
	Wed Mar 06 14:38:41 GMT 2013 - test connected.
Mar 06, 2013 2:38:43 PM log.AbstractLogger log
INFO: 
	Wed Mar 06 14:38:43 GMT 2013 - test sent SQL query SELECT * FROM Courses;.
Mar 06, 2013 2:38:45 PM log.AbstractLogger log
INFO: 
	Wed Mar 06 14:38:45 GMT 2013 - test sent SQL query SELECT * FROM Lecturers;.
Mar 06, 2013 2:38:47 PM log.AbstractLogger log
INFO: 
	Wed Mar 06 14:38:47 GMT 2013 - test sent SQL query SELECT * FROM Users;.
Mar 06, 2013 2:38:50 PM log.AbstractLogger log
INFO: 
	Wed Mar 06 14:38:50 GMT 2013 - test sent SQL query SELECT * FROM Registrations WHERE daysRemaining > 0;.
Mar 06, 2013 2:38:52 PM log.AbstractLogger log
INFO: 
	Wed Mar 06 14:38:52 GMT 2013 - test sent SQL query SELECT * FROM UnrepliedUserMessages;.
Mar 06, 2013 2:38:54 PM log.AbstractLogger log
SEVERE: 
	Wed Mar 06 14:38:54 GMT 2013 - java.net.SocketException: Connection reset
Mar 06, 2013 2:39:24 PM log.AbstractLogger log
INFO: 
	Wed Mar 06 14:39:24 GMT 2013 - test connected.
Mar 06, 2013 2:39:26 PM log.AbstractLogger log
INFO: 
	Wed Mar 06 14:39:26 GMT 2013 - test sent SQL query SELECT * FROM Courses;.
Mar 06, 2013 2:39:28 PM log.AbstractLogger log
INFO: 
	Wed Mar 06 14:39:28 GMT 2013 - test sent SQL query SELECT * FROM Lecturers;.
Mar 06, 2013 2:39:31 PM log.AbstractLogger log
INFO: 
	Wed Mar 06 14:39:31 GMT 2013 - test sent SQL query SELECT * FROM Users;.
Mar 06, 2013 2:39:32 PM log.AbstractLogger log
INFO: 
	Wed Mar 06 14:39:32 GMT 2013 - test sent SQL query SELECT * FROM Registrations WHERE daysRemaining > 0;.
Mar 06, 2013 2:39:33 PM log.AbstractLogger log
INFO: 
	Wed Mar 06 14:39:33 GMT 2013 - test sent SQL query SELECT * FROM UnrepliedUserMessages;.
Mar 06, 2013 2:39:34 PM log.AbstractLogger log
SEVERE: 
	Wed Mar 06 14:39:34 GMT 2013 - java.net.SocketException: Connection reset
Mar 06, 2013 2:40:27 PM log.AbstractLogger log
INFO: 
	Wed Mar 06 14:40:27 GMT 2013 - test connected.
Mar 06, 2013 2:40:29 PM log.AbstractLogger log
INFO: 
	Wed Mar 06 14:40:29 GMT 2013 - test sent SQL query SELECT * FROM Users;.
Mar 06, 2013 2:40:33 PM log.AbstractLogger log
INFO: 
	Wed Mar 06 14:40:33 GMT 2013 - test sent SQL query SELECT * FROM Courses;.
Mar 06, 2013 2:40:37 PM log.AbstractLogger log
INFO: 
	Wed Mar 06 14:40:37 GMT 2013 - test sent SQL query SELECT * FROM Lecturers;.
Mar 06, 2013 2:40:39 PM log.AbstractLogger log
INFO: 
	Wed Mar 06 14:40:39 GMT 2013 - test sent SQL query SELECT * FROM Registrations WHERE daysRemaining > 0;.
Mar 06, 2013 2:40:43 PM log.AbstractLogger log
INFO: 
	Wed Mar 06 14:40:43 GMT 2013 - test sent SQL query SELECT * FROM UnrepliedUserMessages;.
Mar 06, 2013 2:40:44 PM log.AbstractLogger log
SEVERE: 
	Wed Mar 06 14:40:44 GMT 2013 - java.net.SocketException: Connection reset
Mar 06, 2013 2:41:43 PM log.AbstractLogger log
INFO: 
	Wed Mar 06 14:41:43 GMT 2013 - test connected.
Mar 06, 2013 2:41:46 PM log.AbstractLogger log
INFO: 
	Wed Mar 06 14:41:46 GMT 2013 - test sent SQL query SELECT * FROM Courses;.
Mar 06, 2013 2:41:50 PM log.AbstractLogger log
INFO: 
	Wed Mar 06 14:41:50 GMT 2013 - test sent SQL query SELECT * FROM Lecturers;.
Mar 06, 2013 2:41:53 PM log.AbstractLogger log
INFO: 
	Wed Mar 06 14:41:53 GMT 2013 - test sent SQL query SELECT * FROM Registrations WHERE daysRemaining > 0;.
Mar 06, 2013 2:41:57 PM log.AbstractLogger log
INFO: 
	Wed Mar 06 14:41:57 GMT 2013 - test sent SQL query SELECT * FROM UnrepliedUserMessages;.
Mar 06, 2013 2:41:59 PM log.AbstractLogger log
INFO: 
	Wed Mar 06 14:41:59 GMT 2013 - test sent SQL query SELECT * FROM Lecturers;.
Mar 06, 2013 2:42:02 PM log.AbstractLogger log
SEVERE: 
	Wed Mar 06 14:42:02 GMT 2013 - java.net.SocketException: Connection reset
Mar 06, 2013 2:43:05 PM log.AbstractLogger log
INFO: 
	Wed Mar 06 14:43:05 GMT 2013 - test connected.
Mar 06, 2013 2:43:06 PM log.AbstractLogger log
INFO: 
	Wed Mar 06 14:43:06 GMT 2013 - test sent SQL query SELECT * FROM Courses;.
Mar 06, 2013 2:43:08 PM log.AbstractLogger log
INFO: 
	Wed Mar 06 14:43:08 GMT 2013 - test sent SQL query SELECT * FROM Lecturers;.
Mar 06, 2013 2:43:09 PM log.AbstractLogger log
SEVERE: 
	Wed Mar 06 14:43:09 GMT 2013 - java.net.SocketException: Connection reset
Mar 06, 2013 2:45:24 PM log.AbstractLogger log
INFO: 
	Wed Mar 06 14:45:24 GMT 2013 - test connected.
Mar 06, 2013 2:45:26 PM log.AbstractLogger log
INFO: 
	Wed Mar 06 14:45:26 GMT 2013 - test sent SQL query SELECT * FROM Users;.
Mar 06, 2013 2:45:37 PM log.AbstractLogger log
INFO: 
	Wed Mar 06 14:45:37 GMT 2013 - test sent SQL query SELECT * FROM Courses;.
Mar 06, 2013 2:45:58 PM log.AbstractLogger log
INFO: 
	Wed Mar 06 14:45:58 GMT 2013 - test sent SQL query SELECT * FROM Lecturers;.
Mar 06, 2013 3:09:46 PM log.AbstractLogger log
INFO: 
	Wed Mar 06 15:09:46 GMT 2013 - test connected.
Mar 06, 2013 3:09:53 PM log.AbstractLogger log
INFO: 
	Wed Mar 06 15:09:53 GMT 2013 - test sent SQL query SELECT * FROM Courses;.
Mar 12, 2013 5:20:32 PM log.AbstractLogger log
INFO: 
	Tue Mar 12 17:20:32 GMT 2013 - Admin001 connected.
Mar 12, 2013 5:20:35 PM log.AbstractLogger log
INFO: 
	Tue Mar 12 17:20:35 GMT 2013 - Admin001 sent SQL query SELECT * FROM Courses;.
Mar 12, 2013 5:20:52 PM log.AbstractLogger log
INFO: 
	Tue Mar 12 17:20:52 GMT 2013 - Admin001 sent SQL query SELECT name FROM Lecturers;.
Mar 12, 2013 5:24:20 PM log.AbstractLogger log
SEVERE: 
	Tue Mar 12 17:24:20 GMT 2013 - java.net.SocketException: Connection reset
Mar 12, 2013 5:27:02 PM log.AbstractLogger log
INFO: 
	Tue Mar 12 17:27:02 GMT 2013 - Admin001 connected.
Mar 12, 2013 5:27:08 PM log.AbstractLogger log
INFO: 
	Tue Mar 12 17:27:08 GMT 2013 - Admin001 sent SQL query SELECT * FROM Courses;.
Mar 12, 2013 5:27:14 PM log.AbstractLogger log
INFO: 
	Tue Mar 12 17:27:14 GMT 2013 - Admin001 sent SQL query SELECT name FROM Lecturers;.
Mar 12, 2013 5:27:52 PM log.AbstractLogger log
INFO: 
	Tue Mar 12 17:27:52 GMT 2013 - Admin001 sent SQL query SELECT name FROM Lecturers;.
Mar 12, 2013 5:28:03 PM log.AbstractLogger log
SEVERE: 
	Tue Mar 12 17:28:03 GMT 2013 - java.net.SocketException: Connection reset
Mar 12, 2013 5:28:25 PM log.AbstractLogger log
INFO: 
	Tue Mar 12 17:28:25 GMT 2013 - Admin001 connected.
Mar 12, 2013 5:28:32 PM log.AbstractLogger log
INFO: 
	Tue Mar 12 17:28:32 GMT 2013 - Admin001 sent SQL query SELECT * FROM Users;.
Mar 12, 2013 5:29:28 PM log.AbstractLogger log
INFO: 
	Tue Mar 12 17:29:28 GMT 2013 - Admin001 sent SQL query SELECT * FROM Courses;.
Mar 12, 2013 5:29:30 PM log.AbstractLogger log
INFO: 
	Tue Mar 12 17:29:30 GMT 2013 - Admin001 sent SQL query SELECT name FROM Lecturers;.
Mar 12, 2013 5:30:15 PM log.AbstractLogger log
SEVERE: 
	Tue Mar 12 17:30:15 GMT 2013 - java.net.SocketException: Connection reset
Mar 12, 2013 5:33:40 PM log.AbstractLogger log
INFO: 
	Tue Mar 12 17:33:40 GMT 2013 - Admin001 connected.
Mar 12, 2013 5:33:43 PM log.AbstractLogger log
INFO: 
	Tue Mar 12 17:33:43 GMT 2013 - Admin001 sent SQL query SELECT * FROM Courses;.
Mar 12, 2013 5:33:45 PM log.AbstractLogger log
INFO: 
	Tue Mar 12 17:33:45 GMT 2013 - Admin001 sent SQL query SELECT name FROM Lecturers;.
Mar 12, 2013 5:41:35 PM log.AbstractLogger log
INFO: 
	Tue Mar 12 17:41:35 GMT 2013 - Admin001 sent SQL query SELECT * FROM Courses WHERE code = 'UB1209';.
Mar 12, 2013 5:41:35 PM log.AbstractLogger log
SEVERE: 
	Tue Mar 12 17:41:35 GMT 2013 - com.mysql.jdbc.exceptions.jdbc4.MySQLSyntaxErrorException: You have an error in your SQL syntax; check the manual that corresponds to your MySQL server version for the right syntax to use near '(lecturer = 'Prof. Daffyd Lloyd', location = 'Western Gateway Building G07', fee' at line 1 Query [UPDATE Courses SET (lecturer = 'Prof. Daffyd Lloyd', location = 'Western Gateway Building G07', fee = 599, description = 'Learn how to weave baskets underwater!

Have a meaningless picture:
<imagestart link=http://i.imgur.com/RlPWE.jpg height=480 width=640 imageend>', startDate = '2013-06-15', courseDuration = 5, classDuration = 120, capacity = 3, startTime = '14:00, name = 'Basics of Underwater Basket Weaving') WHERE code = 'UB1209';] has failed.
Mar 12, 2013 5:41:35 PM log.AbstractLogger log
INFO: 
	Tue Mar 12 17:41:35 GMT 2013 - Admin001 sent SQL query UPDATE Courses SET (lecturer = 'Prof. Daffyd Lloyd', location = 'Western Gateway Building G07', fee = 599, description = 'Learn how to weave baskets underwater!

Have a meaningless picture:
<imagestart link=http://i.imgur.com/RlPWE.jpg height=480 width=640 imageend>', startDate = '2013-06-15', courseDuration = 5, classDuration = 120, capacity = 3, startTime = '14:00, name = 'Basics of Underwater Basket Weaving') WHERE code = 'UB1209';.
Mar 12, 2013 5:43:20 PM log.AbstractLogger log
INFO: 
	Tue Mar 12 17:43:20 GMT 2013 - Admin001 sent SQL query SELECT * FROM Courses;.
Mar 12, 2013 5:43:28 PM log.AbstractLogger log
INFO: 
	Tue Mar 12 17:43:28 GMT 2013 - Admin001 sent SQL query SELECT name FROM Lecturers;.
Mar 12, 2013 5:44:16 PM log.AbstractLogger log
INFO: 
	Tue Mar 12 17:44:16 GMT 2013 - Admin001 sent SQL query SELECT * FROM Courses WHERE code = 'UB1209';.
Mar 12, 2013 5:44:16 PM log.AbstractLogger log
SEVERE: 
	Tue Mar 12 17:44:16 GMT 2013 - com.mysql.jdbc.exceptions.jdbc4.MySQLSyntaxErrorException: You have an error in your SQL syntax; check the manual that corresponds to your MySQL server version for the right syntax to use near '(lecturer = 'Frank West', location = 'Western Gateway Building G07', fee = 599, ' at line 1 Query [UPDATE Courses SET (lecturer = 'Frank West', location = 'Western Gateway Building G07', fee = 599, description = 'Have a meaningless picture:

<imagestart link=http://i.imgur.com/RlPWE.jpg height=480 width=640 imageend>', startDate = '2013-06-15', courseDuration = 5, classDuration = 120, capacity = 3, startTime = '14:00, name = 'Basics of Underwater Basket Weaving') WHERE code = 'UB1209';] has failed.
Mar 12, 2013 5:44:16 PM log.AbstractLogger log
INFO: 
	Tue Mar 12 17:44:16 GMT 2013 - Admin001 sent SQL query UPDATE Courses SET (lecturer = 'Frank West', location = 'Western Gateway Building G07', fee = 599, description = 'Have a meaningless picture:

<imagestart link=http://i.imgur.com/RlPWE.jpg height=480 width=640 imageend>', startDate = '2013-06-15', courseDuration = 5, classDuration = 120, capacity = 3, startTime = '14:00, name = 'Basics of Underwater Basket Weaving') WHERE code = 'UB1209';.
Mar 12, 2013 5:45:08 PM log.AbstractLogger log
SEVERE: 
	Tue Mar 12 17:45:08 GMT 2013 - java.net.SocketException: Connection reset
Mar 12, 2013 5:54:10 PM log.AbstractLogger log
INFO: 
	Tue Mar 12 17:54:10 GMT 2013 - Admin001 connected.
Mar 12, 2013 5:54:14 PM log.AbstractLogger log
INFO: 
	Tue Mar 12 17:54:14 GMT 2013 - Admin001 sent SQL query SELECT * FROM Courses;.
Mar 12, 2013 5:54:15 PM log.AbstractLogger log
INFO: 
	Tue Mar 12 17:54:15 GMT 2013 - Admin001 sent SQL query SELECT name FROM Lecturers;.
Mar 12, 2013 5:54:51 PM log.AbstractLogger log
INFO: 
	Tue Mar 12 17:54:51 GMT 2013 - Admin001 sent SQL query SELECT * FROM Courses WHERE code = 'UB1209';.
Mar 12, 2013 5:54:51 PM log.AbstractLogger log
SEVERE: 
	Tue Mar 12 17:54:51 GMT 2013 - com.mysql.jdbc.exceptions.jdbc4.MySQLSyntaxErrorException: You have an error in your SQL syntax; check the manual that corresponds to your MySQL server version for the right syntax to use near '(lecturer = 'Prof. Daffyd Lloyd', location = 'Western Gateway Building G07', fee' at line 1 Query [UPDATE Courses SET (lecturer = 'Prof. Daffyd Lloyd', location = 'Western Gateway Building G07', fee = 599, description = 'Have a meaningless image:

<imagestart link=http://i.imgur.com/RlPWE.jpg height=480 width=640 imageend>', startDate = '2013-06-15', courseDuration = 5, classDuration = 120, capacity = 3, startTime = '14:00', name = 'Basics of Underwater Basket Weaving') WHERE code = 'UB1209';] has failed.
Mar 12, 2013 5:54:51 PM log.AbstractLogger log
INFO: 
	Tue Mar 12 17:54:51 GMT 2013 - Admin001 sent SQL query UPDATE Courses SET (lecturer = 'Prof. Daffyd Lloyd', location = 'Western Gateway Building G07', fee = 599, description = 'Have a meaningless image:

<imagestart link=http://i.imgur.com/RlPWE.jpg height=480 width=640 imageend>', startDate = '2013-06-15', courseDuration = 5, classDuration = 120, capacity = 3, startTime = '14:00', name = 'Basics of Underwater Basket Weaving') WHERE code = 'UB1209';.
Mar 12, 2013 5:57:10 PM log.AbstractLogger log
SEVERE: 
	Tue Mar 12 17:57:10 GMT 2013 - java.net.SocketException: Connection reset
Mar 12, 2013 5:57:47 PM log.AbstractLogger log
INFO: 
	Tue Mar 12 17:57:47 GMT 2013 - Admin001 connected.
Mar 12, 2013 5:57:50 PM log.AbstractLogger log
INFO: 
	Tue Mar 12 17:57:50 GMT 2013 - Admin001 sent SQL query SELECT * FROM Courses;.
Mar 12, 2013 5:57:53 PM log.AbstractLogger log
INFO: 
	Tue Mar 12 17:57:53 GMT 2013 - Admin001 sent SQL query SELECT name FROM Lecturers;.
Mar 12, 2013 5:58:18 PM log.AbstractLogger log
INFO: 
	Tue Mar 12 17:58:18 GMT 2013 - Admin001 sent SQL query SELECT * FROM Courses WHERE code = 'UB1209';.
Mar 12, 2013 5:58:18 PM log.AbstractLogger log
INFO: 
	Tue Mar 12 17:58:18 GMT 2013 - Admin001 sent SQL query UPDATE Courses SET lecturer = 'Prof. Daffyd Lloyd', location = 'Western Gateway Building G07', fee = 599, description = 'Have a new image:

<imagestart link=http://i.imgur.com/YqRQl.jpg height=480 width=640 imageend>', startDate = '2013-06-15', courseDuration = 5, classDuration = 120, capacity = 3, startTime = '14:00', name = 'Basics of Underwater Basket Weaving' WHERE code = 'UB1209';.
Mar 13, 2013 12:07:03 PM log.AbstractLogger log
INFO: 
	Wed Mar 13 12:07:03 GMT 2013 - Admin001 connected.
Mar 13, 2013 12:07:07 PM log.AbstractLogger log
INFO: 
	Wed Mar 13 12:07:07 GMT 2013 - Admin001 sent SQL query SELECT * FROM UnrepliedUserMessages;.
Mar 13, 2013 12:07:48 PM log.AbstractLogger log
SEVERE: 
	Wed Mar 13 12:07:48 GMT 2013 - java.net.SocketException: Connection reset
Mar 13, 2013 12:13:28 PM log.AbstractLogger log
INFO: 
	Wed Mar 13 12:13:28 GMT 2013 - Admin001 connected.
Mar 13, 2013 12:13:30 PM log.AbstractLogger log
INFO: 
	Wed Mar 13 12:13:30 GMT 2013 - Admin001 sent SQL query SELECT * FROM UnrepliedUserMessages;.
Mar 13, 2013 12:13:50 PM log.AbstractLogger log
INFO: 
	Wed Mar 13 12:13:50 GMT 2013 - Admin001 sent reply to already replied message ID#1.
Mar 13, 2013 12:16:58 PM log.AbstractLogger log
INFO: 
	Wed Mar 13 12:16:58 GMT 2013 - Admin001 connected.
Mar 13, 2013 12:17:01 PM log.AbstractLogger log
INFO: 
	Wed Mar 13 12:17:01 GMT 2013 - Admin001 sent SQL query SELECT * FROM UnrepliedUserMessages;.
Mar 13, 2013 12:17:15 PM log.AbstractLogger log
SEVERE: 
	Wed Mar 13 12:17:15 GMT 2013 - com.mysql.jdbc.exceptions.jdbc4.MySQLSyntaxErrorException: You have an error in your SQL syntax; check the manual that corresponds to your MySQL server version for the right syntax to use near 'id = 1' at line 1 Query [UPDATE Messages SET replyId = 3WHERE id = 1] has failed.
Mar 13, 2013 12:17:15 PM log.AbstractLogger log
SEVERE: 
	Wed Mar 13 12:17:15 GMT 2013 - com.mysql.jdbc.exceptions.jdbc4.MySQLSyntaxErrorException: INSERT command denied to user 'backend'@'localhost' for table 'messages' Query [INSERT INTO Messages(username, content, replyId) VALUES ('Admin001', 'An admin reply to a message.', NULL);] has failed.
Mar 13, 2013 12:17:15 PM log.AbstractLogger log
INFO: 
	Wed Mar 13 12:17:15 GMT 2013 - Admin001 sent reply to message ID#1 successfully.
Mar 13, 2013 12:20:03 PM log.AbstractLogger log
INFO: 
	Wed Mar 13 12:20:03 GMT 2013 - Admin001 connected.
Mar 13, 2013 12:20:06 PM log.AbstractLogger log
INFO: 
	Wed Mar 13 12:20:06 GMT 2013 - Admin001 sent SQL query SELECT * FROM UnrepliedUserMessages;.
Mar 13, 2013 12:20:21 PM log.AbstractLogger log
INFO: 
	Wed Mar 13 12:20:21 GMT 2013 - Admin001 sent reply to message ID#1 successfully.
Mar 19, 2013 10:29:20 AM log.AbstractLogger log
INFO: 
	Tue Mar 19 10:29:20 GMT 2013 - Admin001 connected.
Mar 19, 2013 10:29:27 AM log.AbstractLogger log
INFO: 
	Tue Mar 19 10:29:27 GMT 2013 - Admin001 sent SQL query SELECT username, courseCode, daysRemaining, hasStarted, hasPaid, wasRefunded FROM Registrations WHERE daysRemaining > 0;.
Mar 19, 2013 10:29:42 AM log.AbstractLogger log
SEVERE: 
	Tue Mar 19 10:29:42 GMT 2013 - java.sql.SQLException: Illegal operation on empty result set.
Mar 19, 2013 10:29:42 AM log.AbstractLogger log
INFO: 
	Tue Mar 19 10:29:42 GMT 2013 - Admin001 tried to refund a registered user null for course null, but the process failed.
Mar 19, 2013 10:33:11 AM log.AbstractLogger log
INFO: 
	Tue Mar 19 10:33:11 GMT 2013 - Admin001 connected.
Mar 19, 2013 10:33:15 AM log.AbstractLogger log
INFO: 
	Tue Mar 19 10:33:15 GMT 2013 - Admin001 sent SQL query SELECT username, courseCode, daysRemaining, hasStarted, hasPaid, wasRefunded FROM Registrations WHERE daysRemaining > 0;.
Mar 19, 2013 10:33:20 AM log.AbstractLogger log
SEVERE: 
	Tue Mar 19 10:33:20 GMT 2013 - java.sql.SQLException: Illegal operation on empty result set.
Mar 19, 2013 10:33:20 AM log.AbstractLogger log
INFO: 
	Tue Mar 19 10:33:20 GMT 2013 - Admin001 tried to refund a registered user null for course null, but the process failed.
Mar 19, 2013 10:34:54 AM log.AbstractLogger log
INFO: 
	Tue Mar 19 10:34:54 GMT 2013 - Admin001 connected.
Mar 19, 2013 10:35:01 AM log.AbstractLogger log
INFO: 
	Tue Mar 19 10:35:01 GMT 2013 - Admin001 sent SQL query SELECT username, courseCode, daysRemaining, hasStarted, hasPaid, wasRefunded FROM Registrations WHERE daysRemaining > 0;.
Mar 19, 2013 10:37:15 AM log.AbstractLogger log
INFO: 
	Tue Mar 19 10:37:15 GMT 2013 - Admin001 connected.
Mar 19, 2013 10:37:17 AM log.AbstractLogger log
INFO: 
	Tue Mar 19 10:37:17 GMT 2013 - Admin001 sent SQL query SELECT username, courseCode, daysRemaining, hasStarted, hasPaid, wasRefunded FROM Registrations WHERE daysRemaining > 0;.
Mar 19, 2013 10:37:19 AM log.AbstractLogger log
SEVERE: 
	Tue Mar 19 10:37:19 GMT 2013 - java.sql.SQLException: Before start of result set
Mar 19, 2013 10:37:19 AM log.AbstractLogger log
INFO: 
	Tue Mar 19 10:37:19 GMT 2013 - Admin001 tried to refund a registered user jmurray for course VT2097, but the process failed.
Mar 19, 2013 10:38:16 AM log.AbstractLogger log
INFO: 
	Tue Mar 19 10:38:16 GMT 2013 - Admin001 connected.
Mar 19, 2013 10:38:18 AM log.AbstractLogger log
INFO: 
	Tue Mar 19 10:38:18 GMT 2013 - Admin001 sent SQL query SELECT username, courseCode, daysRemaining, hasStarted, hasPaid, wasRefunded FROM Registrations WHERE daysRemaining > 0;.
Mar 19, 2013 10:41:03 AM log.AbstractLogger log
INFO: 
	Tue Mar 19 10:41:03 GMT 2013 - Admin001 connected.
Mar 19, 2013 10:41:04 AM log.AbstractLogger log
INFO: 
	Tue Mar 19 10:41:04 GMT 2013 - Admin001 sent SQL query SELECT username, courseCode, daysRemaining, hasStarted, hasPaid, wasRefunded FROM Registrations WHERE daysRemaining > 0;.
Mar 19, 2013 10:45:39 AM log.AbstractLogger log
INFO: 
	Tue Mar 19 10:45:39 GMT 2013 - Admin001 connected.
Mar 19, 2013 10:45:41 AM log.AbstractLogger log
INFO: 
	Tue Mar 19 10:45:41 GMT 2013 - Admin001 sent SQL query SELECT * FROM UnrepliedUserMessages;.
Mar 19, 2013 10:53:19 AM log.AbstractLogger log
INFO: 
	Tue Mar 19 10:53:19 GMT 2013 - Admin001 connected.
Mar 19, 2013 10:53:23 AM log.AbstractLogger log
INFO: 
	Tue Mar 19 10:53:23 GMT 2013 - Admin001 sent SQL query SELECT * FROM UnrepliedUserMessages;.
Mar 19, 2013 12:34:42 PM log.AbstractLogger log
INFO: 
	Tue Mar 19 12:34:42 GMT 2013 - Admin001 connected.
Mar 19, 2013 12:38:59 PM log.AbstractLogger log
INFO: 
	Tue Mar 19 12:38:59 GMT 2013 - Server started.
Mar 19, 2013 12:39:16 PM log.AbstractLogger log
INFO: 
	Tue Mar 19 12:39:16 GMT 2013 - Admin001 connected.
26-Mar-2013 09:21:04 log.AbstractLogger log
INFO: 
	Tue Mar 26 09:21:04 GMT 2013 - Server started.
26-Mar-2013 09:25:56 log.AbstractLogger log
INFO: 
	Tue Mar 26 09:25:56 GMT 2013 - Server started.
26-Mar-2013 09:46:49 log.AbstractLogger log
INFO: 
	Tue Mar 26 09:46:49 GMT 2013 - Server started.
26-Mar-2013 09:49:35 log.AbstractLogger log
INFO: 
	Tue Mar 26 09:49:35 GMT 2013 - Server started.
26-Mar-2013 09:49:53 log.AbstractLogger log
INFO: 
	Tue Mar 26 09:49:53 GMT 2013 - Admin001 connected.
26-Mar-2013 09:50:02 log.AbstractLogger log
INFO: 
	Tue Mar 26 09:50:02 GMT 2013 - Admin001 sent SQL query SELECT * FROM Users;.
26-Mar-2013 10:04:28 log.AbstractLogger log
INFO: 
	Tue Mar 26 10:04:28 GMT 2013 - Server started.
26-Mar-2013 10:04:54 log.AbstractLogger log
INFO: 
	Tue Mar 26 10:04:54 GMT 2013 - Admin001 connected.
26-Mar-2013 10:05:27 log.AbstractLogger log
INFO: 
	Tue Mar 26 10:05:27 GMT 2013 - Admin001 sent SQL query SELECT * FROM Courses;.
26-Mar-2013 10:05:30 log.AbstractLogger log
INFO: 
	Tue Mar 26 10:05:30 GMT 2013 - Admin001 sent SQL query SELECT * FROM Users;.
26-Mar-2013 10:05:32 log.AbstractLogger log
INFO: 
	Tue Mar 26 10:05:32 GMT 2013 - Admin001 sent SQL query SELECT * FROM Lecturers;.
26-Mar-2013 10:05:33 log.AbstractLogger log
INFO: 
	Tue Mar 26 10:05:33 GMT 2013 - Admin001 sent SQL query SELECT username, courseCode, daysRemaining, hasStarted, hasPaid, wasRefunded FROM Registrations WHERE daysRemaining > 0;.
26-Mar-2013 10:05:36 log.AbstractLogger log
SEVERE: 
	Tue Mar 26 10:05:36 GMT 2013 - java.net.SocketException: Connection reset
26-Mar-2013 10:09:44 log.AbstractLogger log
INFO: 
	Tue Mar 26 10:09:44 GMT 2013 - Admin001 connected.
26-Mar-2013 10:09:48 log.AbstractLogger log
INFO: 
	Tue Mar 26 10:09:48 GMT 2013 - Admin001 sent SQL query SELECT * FROM Users;.
26-Mar-2013 10:10:14 log.AbstractLogger log
INFO: 
	Tue Mar 26 10:10:14 GMT 2013 - Admin001 sent SQL query SELECT * FROM Courses;.
26-Mar-2013 10:10:45 log.AbstractLogger log
INFO: 
	Tue Mar 26 10:10:45 GMT 2013 - Admin001 sent SQL query SELECT * FROM Lecturers;.
26-Mar-2013 10:11:30 log.AbstractLogger log
INFO: 
	Tue Mar 26 10:11:30 GMT 2013 - Admin001 sent SQL query SELECT * FROM Lecturers WHERE name = 'Frank West';.
26-Mar-2013 10:11:30 log.AbstractLogger log
SEVERE: 
	Tue Mar 26 10:11:30 GMT 2013 - com.mysql.jdbc.exceptions.jdbc4.MySQLSyntaxErrorException: You have an error in your SQL syntax; check the manual that corresponds to your MySQL server version for the right syntax to use near 've covered wars 'know. FAAAANTASTIC!' WHERE name = 'Frank West'' at line 1 Query [UPDATE Lecturers SET description = 'I've covered wars 'know. FAAAANTASTIC!' WHERE name = 'Frank West';] has failed.
26-Mar-2013 10:11:30 log.AbstractLogger log
INFO: 
	Tue Mar 26 10:11:30 GMT 2013 - Admin001 sent SQL query UPDATE Lecturers SET description = 'I've covered wars 'know. FAAAANTASTIC!' WHERE name = 'Frank West';.
26-Mar-2013 10:11:33 log.AbstractLogger log
INFO: 
	Tue Mar 26 10:11:33 GMT 2013 - Admin001 sent SQL query SELECT * FROM Lecturers;.
26-Mar-2013 10:11:36 log.AbstractLogger log
INFO: 
	Tue Mar 26 10:11:36 GMT 2013 - Admin001 sent SQL query SELECT username, courseCode, daysRemaining, hasStarted, hasPaid, wasRefunded FROM Registrations WHERE daysRemaining > 0;.
26-Mar-2013 10:11:37 log.AbstractLogger log
INFO: 
	Tue Mar 26 10:11:37 GMT 2013 - Admin001 sent SQL query SELECT * FROM Lecturers;.
26-Mar-2013 10:12:24 log.AbstractLogger log
INFO: 
	Tue Mar 26 10:12:24 GMT 2013 - Admin001 sent SQL query SELECT * FROM Courses;.
26-Mar-2013 10:12:40 log.AbstractLogger log
INFO: 
	Tue Mar 26 10:12:40 GMT 2013 - Admin001 sent SQL query SELECT * FROM Courses;.
26-Mar-2013 10:12:42 log.AbstractLogger log
INFO: 
	Tue Mar 26 10:12:42 GMT 2013 - Admin001 sent SQL query SELECT username, courseCode, daysRemaining, hasStarted, hasPaid, wasRefunded FROM Registrations WHERE daysRemaining > 0;.
26-Mar-2013 10:26:42 log.AbstractLogger log
INFO: 
	Tue Mar 26 10:26:42 GMT 2013 - Server started.
26-Mar-2013 10:27:01 log.AbstractLogger log
INFO: 
	Tue Mar 26 10:27:01 GMT 2013 - Admin001 connected.
26-Mar-2013 10:27:04 log.AbstractLogger log
INFO: 
	Tue Mar 26 10:27:04 GMT 2013 - Admin001 sent SQL query SELECT * FROM Courses;.
26-Mar-2013 10:27:08 log.AbstractLogger log
INFO: 
	Tue Mar 26 10:27:08 GMT 2013 - Admin001 sent SQL query SELECT * FROM Lecturers;.
26-Mar-2013 10:27:21 log.AbstractLogger log
INFO: 
	Tue Mar 26 10:27:21 GMT 2013 - Admin001 sent SQL query SELECT * FROM Lecturers WHERE name = 'Frank West';.
26-Mar-2013 10:27:21 log.AbstractLogger log
INFO: 
	Tue Mar 26 10:27:21 GMT 2013 - Admin001 sent SQL query UPDATE Lecturers SET description = 'I\'ve covered wars y\'know.' WHERE name = 'Frank West';.
26-Mar-2013 10:27:36 log.AbstractLogger log
INFO: 
	Tue Mar 26 10:27:36 GMT 2013 - Admin001 sent SQL query SELECT * FROM Lecturers;.
26-Mar-2013 10:28:54 log.AbstractLogger log
INFO: 
	Tue Mar 26 10:28:54 GMT 2013 - Admin001 sent SQL query SELECT * FROM Users;.
26-Mar-2013 10:29:04 log.AbstractLogger log
SEVERE: 
	Tue Mar 26 10:29:04 GMT 2013 - java.net.SocketException: Connection reset
26-Mar-2013 10:40:41 log.AbstractLogger log
INFO: 
	Tue Mar 26 10:40:41 GMT 2013 - Admin001 connected.
26-Mar-2013 10:40:44 log.AbstractLogger log
INFO: 
	Tue Mar 26 10:40:44 GMT 2013 - Admin001 sent SQL query SELECT * FROM Users;.
26-Mar-2013 10:41:02 log.AbstractLogger log
INFO: 
	Tue Mar 26 10:41:02 GMT 2013 - Admin001 sent SQL query SELECT username, courseCode, daysRemaining, hasStarted, hasPaid, wasRefunded FROM Registrations WHERE daysRemaining > 0;.
26-Mar-2013 10:41:09 log.AbstractLogger log
INFO: 
	Tue Mar 26 10:41:09 GMT 2013 - Admin001 sent SQL query SELECT * FROM Courses;.
26-Mar-2013 10:41:25 log.AbstractLogger log
SEVERE: 
	Tue Mar 26 10:41:25 GMT 2013 - java.net.SocketException: Connection reset
26-Mar-2013 10:44:03 log.AbstractLogger log
INFO: 
	Tue Mar 26 10:44:03 GMT 2013 - Admin001 connected.
26-Mar-2013 10:44:06 log.AbstractLogger log
INFO: 
	Tue Mar 26 10:44:06 GMT 2013 - Admin001 sent SQL query SELECT * FROM Courses;.
26-Mar-2013 11:33:09 log.AbstractLogger log
INFO: 
	Tue Mar 26 11:33:09 GMT 2013 - Server started.
26-Mar-2013 11:33:36 log.AbstractLogger log
INFO: 
	Tue Mar 26 11:33:36 GMT 2013 - Admin001 connected.
26-Mar-2013 11:33:39 log.AbstractLogger log
INFO: 
	Tue Mar 26 11:33:39 GMT 2013 - Admin001 asked for the maintenance time.
26-Mar-2013 11:33:50 log.AbstractLogger log
SEVERE: 
	Tue Mar 26 11:33:50 GMT 2013 - java.net.SocketException: Connection reset
26-Mar-2013 11:34:27 log.AbstractLogger log
INFO: 
	Tue Mar 26 11:34:27 GMT 2013 - Admin001 connected.
26-Mar-2013 11:34:29 log.AbstractLogger log
INFO: 
	Tue Mar 26 11:34:29 GMT 2013 - Admin001 asked for the maintenance time.
26-Mar-2013 11:35:05 log.AbstractLogger log
INFO: 
	Tue Mar 26 11:35:05 GMT 2013 - Admin001 set the maintenance time to 1364383980000ms.
26-Mar-2013 11:43:18 log.AbstractLogger log
INFO: 
	Tue Mar 26 11:43:18 GMT 2013 - Server started.
26-Mar-2013 11:43:43 log.AbstractLogger log
INFO: 
	Tue Mar 26 11:43:43 GMT 2013 - Admin001 connected.
26-Mar-2013 11:43:45 log.AbstractLogger log
INFO: 
	Tue Mar 26 11:43:45 GMT 2013 - Admin001 asked for the maintenance time.
26-Mar-2013 11:44:05 log.AbstractLogger log
INFO: 
	Tue Mar 26 11:44:05 GMT 2013 - Admin001 sent SQL query SELECT * FROM Users;.
26-Mar-2013 11:44:14 log.AbstractLogger log
INFO: 
	Tue Mar 26 11:44:14 GMT 2013 - Admin001 sent SQL query SELECT * FROM Courses;.
26-Mar-2013 11:44:20 log.AbstractLogger log
INFO: 
	Tue Mar 26 11:44:20 GMT 2013 - Admin001 sent SQL query SELECT * FROM Lecturers;.
26-Mar-2013 11:44:24 log.AbstractLogger log
INFO: 
	Tue Mar 26 11:44:24 GMT 2013 - Admin001 sent SQL query SELECT username, courseCode, daysRemaining, hasStarted, hasPaid, wasRefunded FROM Registrations WHERE daysRemaining > 0;.
26-Mar-2013 11:44:30 log.AbstractLogger log
INFO: 
	Tue Mar 26 11:44:30 GMT 2013 - Admin001 sent SQL query SELECT name FROM Lecturers;.
26-Mar-2013 11:45:31 log.AbstractLogger log
INFO: 
	Tue Mar 26 11:45:31 GMT 2013 - Admin001 sent SQL query SELECT * FROM UnrepliedUserMessages;.
26-Mar-2013 11:45:34 log.AbstractLogger log
INFO: 
	Tue Mar 26 11:45:34 GMT 2013 - Admin001 asked for the maintenance time.
26-Mar-2013 11:45:44 log.AbstractLogger log
INFO: 
	Tue Mar 26 11:45:44 GMT 2013 - Admin001 set the maintenance time to 1364413500000ms.
