Mar 05, 2013 6:56:43 PM log.AbstractLogger log
SEVERE: 
	Tue Mar 05 18:56:43 GMT 2013 - java.net.SocketException: Connection reset
Mar 06, 2013 10:04:53 AM log.AbstractLogger log
SEVERE: 
	Wed Mar 06 10:04:53 GMT 2013 - java.net.SocketException: Connection reset
Mar 06, 2013 10:07:41 AM log.AbstractLogger log
INFO: 
	Wed Mar 06 10:07:41 GMT 2013 - test connected.
Mar 06, 2013 10:07:42 AM log.AbstractLogger log
INFO: 
	Wed Mar 06 10:07:42 GMT 2013 - test sent SQL query SELECT name FROM Lecturers;.
Mar 06, 2013 10:08:06 AM log.AbstractLogger log
SEVERE: 
	Wed Mar 06 10:08:06 GMT 2013 - java.net.SocketException: Connection reset
Mar 06, 2013 10:09:12 AM log.AbstractLogger log
INFO: 
	Wed Mar 06 10:09:12 GMT 2013 - test connected.
Mar 06, 2013 10:09:15 AM log.AbstractLogger log
INFO: 
	Wed Mar 06 10:09:15 GMT 2013 - test sent SQL query SELECT name FROM Lecturers;.
Mar 06, 2013 10:09:33 AM log.AbstractLogger log
SEVERE: 
	Wed Mar 06 10:09:33 GMT 2013 - java.net.SocketException: Connection reset
Mar 06, 2013 10:16:28 AM log.AbstractLogger log
INFO: 
	Wed Mar 06 10:16:28 GMT 2013 - test connected.
Mar 06, 2013 10:16:32 AM log.AbstractLogger log
INFO: 
	Wed Mar 06 10:16:32 GMT 2013 - test sent SQL query SELECT name FROM Lecturers;.
Mar 06, 2013 10:17:05 AM log.AbstractLogger log
SEVERE: 
	Wed Mar 06 10:17:05 GMT 2013 - java.net.SocketException: Connection reset
Mar 06, 2013 10:19:39 AM log.AbstractLogger log
INFO: 
	Wed Mar 06 10:19:39 GMT 2013 - test connected.
Mar 06, 2013 10:19:43 AM log.AbstractLogger log
INFO: 
	Wed Mar 06 10:19:43 GMT 2013 - test sent SQL query SELECT name FROM Lecturers;.
Mar 06, 2013 10:19:59 AM log.AbstractLogger log
SEVERE: 
	Wed Mar 06 10:19:59 GMT 2013 - java.net.SocketException: Connection reset
Mar 06, 2013 10:21:45 AM log.AbstractLogger log
INFO: 
	Wed Mar 06 10:21:45 GMT 2013 - test connected.
Mar 06, 2013 10:21:47 AM log.AbstractLogger log
INFO: 
	Wed Mar 06 10:21:47 GMT 2013 - test sent SQL query SELECT name FROM Lecturers;.
Mar 06, 2013 10:22:02 AM log.AbstractLogger log
SEVERE: 
	Wed Mar 06 10:22:02 GMT 2013 - java.net.SocketException: Connection reset
Mar 06, 2013 10:22:14 AM log.AbstractLogger log
INFO: 
	Wed Mar 06 10:22:14 GMT 2013 - test connected.
Mar 06, 2013 10:22:22 AM log.AbstractLogger log
INFO: 
	Wed Mar 06 10:22:22 GMT 2013 - test sent SQL query SELECT name FROM Lecturers;.
Mar 06, 2013 10:22:40 AM log.AbstractLogger log
SEVERE: 
	Wed Mar 06 10:22:40 GMT 2013 - java.net.SocketException: Connection reset
Mar 06, 2013 10:24:36 AM log.AbstractLogger log
INFO: 
	Wed Mar 06 10:24:36 GMT 2013 - test connected.
Mar 06, 2013 10:24:38 AM log.AbstractLogger log
INFO: 
	Wed Mar 06 10:24:38 GMT 2013 - test sent SQL query SELECT name FROM Lecturers;.
Mar 06, 2013 10:25:08 AM log.AbstractLogger log
SEVERE: 
	Wed Mar 06 10:25:08 GMT 2013 - java.net.SocketException: Connection reset
Mar 06, 2013 10:26:16 AM log.AbstractLogger log
INFO: 
	Wed Mar 06 10:26:16 GMT 2013 - test connected.
Mar 06, 2013 10:26:18 AM log.AbstractLogger log
INFO: 
	Wed Mar 06 10:26:18 GMT 2013 - test sent SQL query SELECT name FROM Lecturers;.
Mar 06, 2013 10:26:40 AM log.AbstractLogger log
SEVERE: 
	Wed Mar 06 10:26:40 GMT 2013 - java.net.SocketException: Connection reset
Mar 06, 2013 10:40:54 AM log.AbstractLogger log
INFO: 
	Wed Mar 06 10:40:54 GMT 2013 - test connected.
Mar 06, 2013 10:40:56 AM log.AbstractLogger log
INFO: 
	Wed Mar 06 10:40:56 GMT 2013 - test sent SQL query SELECT name FROM Lecturers;.
Mar 06, 2013 10:41:15 AM log.AbstractLogger log
SEVERE: 
	Wed Mar 06 10:41:15 GMT 2013 - java.net.SocketException: Connection reset
Mar 06, 2013 10:42:14 AM log.AbstractLogger log
INFO: 
	Wed Mar 06 10:42:14 GMT 2013 - test connected.
Mar 06, 2013 10:42:16 AM log.AbstractLogger log
INFO: 
	Wed Mar 06 10:42:16 GMT 2013 - test sent SQL query SELECT name FROM Lecturers;.
Mar 06, 2013 10:43:30 AM log.AbstractLogger log
SEVERE: 
	Wed Mar 06 10:43:30 GMT 2013 - java.net.SocketException: Connection reset
Mar 06, 2013 10:47:20 AM log.AbstractLogger log
INFO: 
	Wed Mar 06 10:47:20 GMT 2013 - test connected.
Mar 06, 2013 10:47:23 AM log.AbstractLogger log
INFO: 
	Wed Mar 06 10:47:23 GMT 2013 - test sent SQL query SELECT name FROM Lecturers;.
Mar 06, 2013 10:47:49 AM log.AbstractLogger log
SEVERE: 
	Wed Mar 06 10:47:49 GMT 2013 - java.net.SocketException: Connection reset
Mar 06, 2013 11:09:01 AM log.AbstractLogger log
SEVERE: 
	Wed Mar 06 11:09:01 GMT 2013 - java.net.SocketException: Connection reset
Mar 06, 2013 11:10:09 AM log.AbstractLogger log
INFO: 
	Wed Mar 06 11:10:09 GMT 2013 - test connected.
Mar 06, 2013 11:10:11 AM log.AbstractLogger log
INFO: 
	Wed Mar 06 11:10:11 GMT 2013 - test sent SQL query SELECT name FROM Lecturers;.
Mar 06, 2013 11:11:16 AM log.AbstractLogger log
SEVERE: 
	Wed Mar 06 11:11:16 GMT 2013 - java.net.SocketException: Connection reset
Mar 06, 2013 11:12:25 AM log.AbstractLogger log
INFO: 
	Wed Mar 06 11:12:25 GMT 2013 - test connected.
Mar 06, 2013 11:12:27 AM log.AbstractLogger log
INFO: 
	Wed Mar 06 11:12:27 GMT 2013 - test sent SQL query SELECT name FROM Lecturers;.
Mar 06, 2013 11:13:40 AM log.AbstractLogger log
SEVERE: 
	Wed Mar 06 11:13:40 GMT 2013 - java.net.SocketException: Connection reset
Mar 06, 2013 11:31:25 AM log.AbstractLogger log
SEVERE: 
	Wed Mar 06 11:31:25 GMT 2013 - com.mysql.jdbc.exceptions.jdbc4.MySQLSyntaxErrorException: INSERT command denied to user 'backend'@'localhost' for table 'lecturers' Query [INSERT INTO Lecturers VALUES ('David Dimbleby', 'A professor of mathematics for 5 years at <link to=http://pondunuversity.com text=Pond University />.

<image link=http://localhost/images/ddimbleby.png height=480 width=640 />');] has failed.
Mar 06, 2013 12:03:08 PM log.AbstractLogger log
SEVERE: 
	Wed Mar 06 12:03:08 GMT 2013 - java.net.SocketException: Connection reset
Mar 06, 2013 12:07:34 PM log.AbstractLogger log
INFO: 
	Wed Mar 06 12:07:34 GMT 2013 - test connected.
Mar 06, 2013 12:07:38 PM log.AbstractLogger log
INFO: 
	Wed Mar 06 12:07:38 GMT 2013 - test sent SQL query SELECT * FROM Courses;.
Mar 06, 2013 12:07:48 PM log.AbstractLogger log
INFO: 
	Wed Mar 06 12:07:48 GMT 2013 - test sent SQL query SELECT * FROM Lecturers;.
Mar 06, 2013 12:08:26 PM log.AbstractLogger log
SEVERE: 
	Wed Mar 06 12:08:26 GMT 2013 - java.net.SocketException: Connection reset
Mar 06, 2013 12:08:37 PM log.AbstractLogger log
INFO: 
	Wed Mar 06 12:08:37 GMT 2013 - test connected.
Mar 06, 2013 12:08:42 PM log.AbstractLogger log
INFO: 
	Wed Mar 06 12:08:42 GMT 2013 - test sent SQL query SELECT * FROM Courses;.
Mar 06, 2013 12:09:40 PM log.AbstractLogger log
SEVERE: 
	Wed Mar 06 12:09:40 GMT 2013 - java.net.SocketException: Connection reset
Mar 06, 2013 12:09:51 PM log.AbstractLogger log
INFO: 
	Wed Mar 06 12:09:51 GMT 2013 - test connected.
Mar 06, 2013 12:09:53 PM log.AbstractLogger log
INFO: 
	Wed Mar 06 12:09:53 GMT 2013 - test sent SQL query SELECT * FROM Courses;.
Mar 06, 2013 12:09:56 PM log.AbstractLogger log
INFO: 
	Wed Mar 06 12:09:56 GMT 2013 - test sent SQL query SELECT * FROM Lecturers;.
Mar 06, 2013 12:10:09 PM log.AbstractLogger log
SEVERE: 
	Wed Mar 06 12:10:09 GMT 2013 - java.net.SocketException: Connection reset
Mar 06, 2013 12:11:31 PM log.AbstractLogger log
INFO: 
	Wed Mar 06 12:11:31 GMT 2013 - test connected.
Mar 06, 2013 12:11:33 PM log.AbstractLogger log
INFO: 
	Wed Mar 06 12:11:33 GMT 2013 - test sent SQL query SELECT * FROM Courses;.
Mar 06, 2013 12:11:54 PM log.AbstractLogger log
INFO: 
	Wed Mar 06 12:11:54 GMT 2013 - test sent SQL query SELECT * FROM Lecturers;.
Mar 06, 2013 12:11:59 PM log.AbstractLogger log
SEVERE: 
	Wed Mar 06 12:11:59 GMT 2013 - java.net.SocketException: Connection reset
Mar 06, 2013 2:35:57 PM log.AbstractLogger log
SEVERE: 
	Wed Mar 06 14:35:57 GMT 2013 - java.net.SocketException: Connection reset
Mar 06, 2013 2:37:35 PM log.AbstractLogger log
INFO: 
	Wed Mar 06 14:37:35 GMT 2013 - test connected.
Mar 06, 2013 2:37:37 PM log.AbstractLogger log
INFO: 
	Wed Mar 06 14:37:37 GMT 2013 - test sent SQL query SELECT * FROM Users;.
Mar 06, 2013 2:37:39 PM log.AbstractLogger log
INFO: 
	Wed Mar 06 14:37:39 GMT 2013 - test sent SQL query SELECT * FROM Courses;.
Mar 06, 2013 2:37:41 PM log.AbstractLogger log
INFO: 
	Wed Mar 06 14:37:41 GMT 2013 - test sent SQL query SELECT * FROM Lecturers;.
Mar 06, 2013 2:37:42 PM log.AbstractLogger log
INFO: 
	Wed Mar 06 14:37:42 GMT 2013 - test sent SQL query SELECT * FROM Registrations WHERE daysRemaining > 0;.
Mar 06, 2013 2:38:26 PM log.AbstractLogger log
SEVERE: 
	Wed Mar 06 14:38:26 GMT 2013 - java.net.SocketException: Connection reset
Mar 06, 2013 2:38:41 PM log.AbstractLogger log
INFO: 
	Wed Mar 06 14:38:41 GMT 2013 - test connected.
Mar 06, 2013 2:38:43 PM log.AbstractLogger log
INFO: 
	Wed Mar 06 14:38:43 GMT 2013 - test sent SQL query SELECT * FROM Courses;.
Mar 06, 2013 2:38:45 PM log.AbstractLogger log
INFO: 
	Wed Mar 06 14:38:45 GMT 2013 - test sent SQL query SELECT * FROM Lecturers;.
Mar 06, 2013 2:38:47 PM log.AbstractLogger log
INFO: 
	Wed Mar 06 14:38:47 GMT 2013 - test sent SQL query SELECT * FROM Users;.
Mar 06, 2013 2:38:50 PM log.AbstractLogger log
INFO: 
	Wed Mar 06 14:38:50 GMT 2013 - test sent SQL query SELECT * FROM Registrations WHERE daysRemaining > 0;.
Mar 06, 2013 2:38:52 PM log.AbstractLogger log
INFO: 
	Wed Mar 06 14:38:52 GMT 2013 - test sent SQL query SELECT * FROM UnrepliedUserMessages;.
Mar 06, 2013 2:38:54 PM log.AbstractLogger log
SEVERE: 
	Wed Mar 06 14:38:54 GMT 2013 - java.net.SocketException: Connection reset
Mar 06, 2013 2:39:24 PM log.AbstractLogger log
INFO: 
	Wed Mar 06 14:39:24 GMT 2013 - test connected.
Mar 06, 2013 2:39:26 PM log.AbstractLogger log
INFO: 
	Wed Mar 06 14:39:26 GMT 2013 - test sent SQL query SELECT * FROM Courses;.
Mar 06, 2013 2:39:28 PM log.AbstractLogger log
INFO: 
	Wed Mar 06 14:39:28 GMT 2013 - test sent SQL query SELECT * FROM Lecturers;.
Mar 06, 2013 2:39:31 PM log.AbstractLogger log
INFO: 
	Wed Mar 06 14:39:31 GMT 2013 - test sent SQL query SELECT * FROM Users;.
Mar 06, 2013 2:39:32 PM log.AbstractLogger log
INFO: 
	Wed Mar 06 14:39:32 GMT 2013 - test sent SQL query SELECT * FROM Registrations WHERE daysRemaining > 0;.
Mar 06, 2013 2:39:33 PM log.AbstractLogger log
INFO: 
	Wed Mar 06 14:39:33 GMT 2013 - test sent SQL query SELECT * FROM UnrepliedUserMessages;.
Mar 06, 2013 2:39:34 PM log.AbstractLogger log
SEVERE: 
	Wed Mar 06 14:39:34 GMT 2013 - java.net.SocketException: Connection reset
Mar 06, 2013 2:40:27 PM log.AbstractLogger log
INFO: 
	Wed Mar 06 14:40:27 GMT 2013 - test connected.
Mar 06, 2013 2:40:29 PM log.AbstractLogger log
INFO: 
	Wed Mar 06 14:40:29 GMT 2013 - test sent SQL query SELECT * FROM Users;.
Mar 06, 2013 2:40:33 PM log.AbstractLogger log
INFO: 
	Wed Mar 06 14:40:33 GMT 2013 - test sent SQL query SELECT * FROM Courses;.
Mar 06, 2013 2:40:37 PM log.AbstractLogger log
INFO: 
	Wed Mar 06 14:40:37 GMT 2013 - test sent SQL query SELECT * FROM Lecturers;.
Mar 06, 2013 2:40:39 PM log.AbstractLogger log
INFO: 
	Wed Mar 06 14:40:39 GMT 2013 - test sent SQL query SELECT * FROM Registrations WHERE daysRemaining > 0;.
Mar 06, 2013 2:40:43 PM log.AbstractLogger log
INFO: 
	Wed Mar 06 14:40:43 GMT 2013 - test sent SQL query SELECT * FROM UnrepliedUserMessages;.
Mar 06, 2013 2:40:44 PM log.AbstractLogger log
SEVERE: 
	Wed Mar 06 14:40:44 GMT 2013 - java.net.SocketException: Connection reset
Mar 06, 2013 2:41:43 PM log.AbstractLogger log
INFO: 
	Wed Mar 06 14:41:43 GMT 2013 - test connected.
Mar 06, 2013 2:41:46 PM log.AbstractLogger log
INFO: 
	Wed Mar 06 14:41:46 GMT 2013 - test sent SQL query SELECT * FROM Courses;.
Mar 06, 2013 2:41:50 PM log.AbstractLogger log
INFO: 
	Wed Mar 06 14:41:50 GMT 2013 - test sent SQL query SELECT * FROM Lecturers;.
Mar 06, 2013 2:41:53 PM log.AbstractLogger log
INFO: 
	Wed Mar 06 14:41:53 GMT 2013 - test sent SQL query SELECT * FROM Registrations WHERE daysRemaining > 0;.
Mar 06, 2013 2:41:57 PM log.AbstractLogger log
INFO: 
	Wed Mar 06 14:41:57 GMT 2013 - test sent SQL query SELECT * FROM UnrepliedUserMessages;.
Mar 06, 2013 2:41:59 PM log.AbstractLogger log
INFO: 
	Wed Mar 06 14:41:59 GMT 2013 - test sent SQL query SELECT * FROM Lecturers;.
Mar 06, 2013 2:42:02 PM log.AbstractLogger log
SEVERE: 
	Wed Mar 06 14:42:02 GMT 2013 - java.net.SocketException: Connection reset
Mar 06, 2013 2:43:05 PM log.AbstractLogger log
INFO: 
	Wed Mar 06 14:43:05 GMT 2013 - test connected.
Mar 06, 2013 2:43:06 PM log.AbstractLogger log
INFO: 
	Wed Mar 06 14:43:06 GMT 2013 - test sent SQL query SELECT * FROM Courses;.
Mar 06, 2013 2:43:08 PM log.AbstractLogger log
INFO: 
	Wed Mar 06 14:43:08 GMT 2013 - test sent SQL query SELECT * FROM Lecturers;.
Mar 06, 2013 2:43:09 PM log.AbstractLogger log
SEVERE: 
	Wed Mar 06 14:43:09 GMT 2013 - java.net.SocketException: Connection reset
Mar 06, 2013 2:45:24 PM log.AbstractLogger log
INFO: 
	Wed Mar 06 14:45:24 GMT 2013 - test connected.
Mar 06, 2013 2:45:26 PM log.AbstractLogger log
INFO: 
	Wed Mar 06 14:45:26 GMT 2013 - test sent SQL query SELECT * FROM Users;.
Mar 06, 2013 2:45:37 PM log.AbstractLogger log
INFO: 
	Wed Mar 06 14:45:37 GMT 2013 - test sent SQL query SELECT * FROM Courses;.
Mar 06, 2013 2:45:58 PM log.AbstractLogger log
INFO: 
	Wed Mar 06 14:45:58 GMT 2013 - test sent SQL query SELECT * FROM Lecturers;.
Mar 06, 2013 2:46:07 PM log.AbstractLogger log
SEVERE: 
	Wed Mar 06 14:46:07 GMT 2013 - java.net.SocketException: Connection reset
Mar 06, 2013 3:10:16 PM log.AbstractLogger log
SEVERE: 
	Wed Mar 06 15:10:16 GMT 2013 - java.net.SocketException: Connection reset
